Log file open, 11/21/14 15:15:31
LogInit:Display: Running engine for game: SierraJattaaRacing
LogInit: Version: 4.5.1-2336687+++depot+UE4-Releases+4.5
LogInit: API Version: 2326478
LogInit: Compiled (64-bit): Oct 21 2014 22:32:40
LogInit: Compiled with Visual C++: 18.00.21005.01
LogInit: Build Configuration: Development
LogInit: Branch Name: ++depot+UE4-Releases+4.5
LogInit: Command line:  
LogInit: Base directory: C:/Program Files/Unreal Engine/4.5/Engine/Binaries/Win64/
LogInit: Rocket: 1
[2014.11.21-13.15.31:234][  0]LogTaskGraph: Started task graph with 3 named threads and 4 total threads.
[2014.11.21-13.15.31:269][  0]LogOnline:Warning: No default platform service specified for OnlineSubsystem
[2014.11.21-13.15.31:289][  0]LogInit: Presizing for 0 objects not considered by GC, pre-allocating 0 bytes.
[2014.11.21-13.15.31:300][  0]LogInit: Object subsystem initialized
[2014.11.21-13.15.31:303][  0]LogConsoleResponse:Warning: Skipping Unknown console variable: 'UIScaleRule = ShortestSide'
[2014.11.21-13.15.31:303][  0]LogConsoleResponse:Warning:   Found in ini file 'C:/Users/tti13shenrit/Documents/GitHub/SierraJattaa/SierraJattaaRacing/Saved/Config/Windows/Engine.ini', in section '[/Script/Engine.RendererSettings]'
[2014.11.21-13.15.31:303][  0]LogConsoleResponse:Warning: Skipping Unknown console variable: 'UIScaleCurve = (EditorCurveData=(Keys=((Time=480.000000,Value=0.444000),(Time=720.000000,Value=0.666000),(Time=1080.000000,Value=1.000000),(Time=8640.000000,Value=8.000000))),ExternalCurve=None)'
[2014.11.21-13.15.31:303][  0]LogConsoleResponse:Warning:   Found in ini file 'C:/Users/tti13shenrit/Documents/GitHub/SierraJattaa/SierraJattaaRacing/Saved/Config/Windows/Engine.ini', in section '[/Script/Engine.RendererSettings]'
[2014.11.21-13.15.31:304][  0]LogInit: Selected Device Profile: [Windows]
[2014.11.21-13.15.31:304][  0]LogInit: Applying CVar settings loaded from the selected device profile: [Windows]
[2014.11.21-13.15.31:309][  0]LogInit: Computer: TA11LDML-11
[2014.11.21-13.15.31:309][  0]LogInit: User: tti13shenrit
[2014.11.21-13.15.31:309][  0]LogInit: CPU Page size=4096, Cores=4
[2014.11.21-13.15.31:309][  0]LogInit: High frequency timer resolution =3.316103 MHz
[2014.11.21-13.15.31:309][  0]LogMemory: Memory total: Physical=16.0GB (16GB approx) Virtual=8192.0GB
[2014.11.21-13.15.31:310][  0]LogMemory: Platform Memory Stats for Windows
[2014.11.21-13.15.31:310][  0]LogMemory: Process Physical Memory: 66.06 MB used, 66.06 MB peak
[2014.11.21-13.15.31:310][  0]LogMemory: Process Virtual Memory: 42.61 MB used, 42.61 MB peak
[2014.11.21-13.15.31:310][  0]LogMemory: Physical Memory: 5337.98 MB used, 16344.95 MB total
[2014.11.21-13.15.31:310][  0]LogMemory: Virtual Memory: 275.54 MB used, 8388608.00 MB total
[2014.11.21-13.15.31:341][  0]LogD3D11RHI: Found D3D11 adapter 0: NVIDIA GeForce GT 640 (Feature Level 11_0)
[2014.11.21-13.15.31:341][  0]LogD3D11RHI: Adapter has 971MB of dedicated video memory, 0MB of dedicated system memory, and 3072MB of shared system memory, 2 output[s]
[2014.11.21-13.15.31:341][  0]LogD3D11RHI: Chosen D3D11 Adapter Id = 0
[2014.11.21-13.15.31:345][  0]LogRHI: Texture pool is 680 MB (70% of 971 MB)
[2014.11.21-13.15.31:351][  0]LogD3D11RHI: Async texture creation enabled
[2014.11.21-13.15.31:396][  0]LogTextLocalizationManager: The requested culture ('fi_FI') has no localization data; falling back to 'en' for localization and internationalization data.
[2014.11.21-13.15.31:534][  0]LogContentStreaming: Texture pool size is 0.000000MB
[2014.11.21-13.15.35:614][  0]LogTargetPlatformManager:Display: Building Assets For Windows
[2014.11.21-13.15.35:952][  0]LogTargetPlatformManager:Display: Building Assets For Windows
[2014.11.21-13.15.35:996][  0]LogDerivedDataCache:Display: Max Cache Size: 512 MB
[2014.11.21-13.15.36:033][  0]LogDerivedDataCache: Loaded boot cache 0.04s 53MB C:/Users/tti13shenrit/AppData/Local/UnrealEngine/4.5/DerivedDataCache/Boot.ddc.
[2014.11.21-13.15.36:033][  0]LogDerivedDataCache:Display: Loaded Boot cache: C:/Users/tti13shenrit/AppData/Local/UnrealEngine/4.5/DerivedDataCache/Boot.ddc
[2014.11.21-13.15.36:033][  0]LogDerivedDataCache: FDerivedDataBackendGraph:  Pak pak cache file ../../../../../../Users/tti13shenrit/Documents/GitHub/SierraJattaa/SierraJattaaRacing/DerivedDataCache/DDC.ddp not found, will not use a pak cache.
[2014.11.21-13.15.36:033][  0]LogDerivedDataCache: Unable to find inner node Pak for hierarchical cache Hierarchy.
[2014.11.21-13.15.36:092][  0]LogDerivedDataCache:Display: Pak cache opened for reading ../../../Engine/DerivedDataCache/DDC.ddp.
[2014.11.21-13.15.36:103][  0]LogDerivedDataCache: Using Local data cache path C:/Users/tti13shenrit/AppData/Local/UnrealEngine/Common/DerivedDataCache: Writable
[2014.11.21-13.15.36:254][  0]LogMeshUtilities: No automatic mesh reduction module available
[2014.11.21-13.15.36:254][  0]LogMeshUtilities: No automatic mesh merging module available
[2014.11.21-13.15.36:437][  0]LogLinker:Warning: Asset '../../../Engine/Content/Functions/Engine_MaterialFunctions02/Texturing/FlipBook.uasset' has been saved with empty engine version. The asset will be loaded but may be incompatible.
[2014.11.21-13.15.36:439][  0]LogLinker:Warning: Asset '../../../Engine/Content/Functions/Engine_MaterialFunctions02/ExampleContent/Textures/flipbook.uasset' has been saved with empty engine version. The asset will be loaded but may be incompatible.
[2014.11.21-13.15.36:586][  0]LogInit: WinSock: version 1.1 (2.2), MaxSocks=32767, MaxUdp=65467
[2014.11.21-13.15.37:234][  0]UdpMessaging: Initializing bridge on interface 0.0.0.0:0 to multicast group 230.0.0.1:6666.
[2014.11.21-13.15.37:620][  0]SourceControl: Info Source control is disabled
[2014.11.21-13.15.37:620][  0]SourceControl: Info Source control is disabled
[2014.11.21-13.15.37:625][  0]SourceControl: Info Source control is disabled
[2014.11.21-13.15.37:706][  0]LogObj: 23233 objects as part of root set at end of initial load.
[2014.11.21-13.15.37:706][  0]LogUObjectAllocator: 4934624 out of 0 bytes used by permanent object pool.
[2014.11.21-13.15.37:752][  0]LogEngine: Initializing Engine...
[2014.11.21-13.15.37:863][  0]LogInit: XAudio2 using 'Digital Audio (S/PDIF) (High Definition Audio Device)' : 2 channels at 44.1 kHz using 16 bits per sample (channel mask 0x3)
[2014.11.21-13.15.37:877][  0]LogInit: FAudioDevice initialized.
[2014.11.21-13.15.37:892][  0]LogAIModule: Creating AISystem for world NewWorld
[2014.11.21-13.15.37:914][  0]LogDerivedDataCache: Saved boot cache 0.02s 40MB C:/Users/tti13shenrit/AppData/Local/UnrealEngine/4.5/DerivedDataCache/Boot.ddc.
[2014.11.21-13.15.37:916][  0]LogInit: Texture streaming: Enabled
[2014.11.21-13.15.37:948][  0]LogInit: Transaction tracking system initialized
[2014.11.21-13.15.38:016][  0]BlueprintLog: New page: Editor Load
[2014.11.21-13.15.38:039][  0]LogAssetRegistry: FAssetRegistry took 0.0095 seconds to start up
[2014.11.21-13.15.38:039][  0]LogDirectoryWatcher:Warning: Failed to begin reading directory changes for ../../../Engine/Plugins/Experimental/CharacterAI/Content/. Error: 0
[2014.11.21-13.15.38:401][  0]LogTargetPlatformManager:Display: Building Assets For Windows
[2014.11.21-13.15.38:679][  0]LogTargetPlatformManager:Display: Building Assets For Windows
[2014.11.21-13.15.38:829][  0]LogConsoleResponse:Display: 
[2014.11.21-13.15.38:973][  0]SourceControl: Info Source control is disabled
[2014.11.21-13.15.38:974][  0]Cmd: MAP LOAD FILE="../../../../../../Users/tti13shenrit/Documents/GitHub/SierraJattaa/SierraJattaaRacing/Content/Maps/Example_Map.umap" TEMPLATE=0 SHOWPROGRESS=1
[2014.11.21-13.15.38:974][  0]LightingResults: New page: Lighting Build
[2014.11.21-13.15.38:981][  0]MapCheck: New page: Map Check
[2014.11.21-13.15.38:981][  0]LightingResults: New page: Lighting Build
[2014.11.21-13.15.39:001][  0]LogParticles: Destroying 0 GPU particle simulations for FXSystem 0x0000000017032700
[2014.11.21-13.15.39:241][  0]LogEditorServer: Finished looking for orphan Actors (0.000 secs)
[2014.11.21-13.15.39:241][  0]LogAIModule: Creating AISystem for worl