Log file open, 11/21/14 15:00:09
LogInit:Display: Running engine for game: SierraJattaaRacing
LogInit: Version: 4.5.1-2336687+++depot+UE4-Releases+4.5
LogInit: API Version: 2326478
LogInit: Compiled (64-bit): Oct 21 2014 22:32:40
LogInit: Compiled with Visual C++: 18.00.21005.01
LogInit: Build Configuration: Development
LogInit: Branch Name: ++depot+UE4-Releases+4.5
LogInit: Command line: 
LogInit: Base directory: C:/Program Files/Unreal Engine/4.5/Engine/Binaries/Win64/
LogInit: Rocket: 1
[2014.11.21-13.00.09:737][  0]LogTaskGraph: Started task graph with 3 named threads and 4 total threads.
[2014.11.21-13.00.09:779][  0]LogOnline:Warning: No default platform service specified for OnlineSubsystem
[2014.11.21-13.00.09:808][  0]LogInit: Presizing for 0 objects not considered by GC, pre-allocating 0 bytes.
[2014.11.21-13.00.09:818][  0]LogInit: Object subsystem initialized
[2014.11.21-13.00.09:821][  0]LogConsoleResponse:Warning: Skipping Unknown console variable: 'UIScaleRule = ShortestSide'
[2014.11.21-13.00.09:822][  0]LogConsoleResponse:Warning:   Found in ini file 'C:/Users/tti13shenrit/Documents/Unreal Projects/SierraJattaaRacing/Saved/Config/Windows/Engine.ini', in section '[/Script/Engine.RendererSettings]'
[2014.11.21-13.00.09:822][  0]LogConsoleResponse:Warning: Skipping Unknown console variable: 'UIScaleCurve = (EditorCurveData=(Keys=((Time=480,Value=0.444),(Time=720,Value=0.666),(Time=1080,Value=1.0),(Time=8640,Value=8.0))),ExternalCurve=None)'
[2014.11.21-13.00.09:822][  0]LogConsoleResponse:Warning:   Found in ini file 'C:/Users/tti13shenrit/Documents/Unreal Projects/SierraJattaaRacing/Saved/Config/Windows/Engine.ini', in section '[/Script/Engine.RendererSettings]'
[2014.11.21-13.00.09:823][  0]LogInit: Selected Device Profile: [Windows]
[2014.11.21-13.00.09:823][  0]LogInit: Applying CVar settings loaded from the selected device profile: [Windows]
[2014.11.21-13.00.09:828][  0]LogInit: Computer: TA11LDML-11
[2014.11.21-13.00.09:828][  0]LogInit: User: tti13shenrit
[2014.11.21-13.00.09:829][  0]LogInit: CPU Page size=4096, Cores=4
[2014.11.21-13.00.09:830][  0]LogInit: High frequency timer resolution =3.316103 MHz
[2014.11.21-13.00.09:830][  0]LogMemory: Memory total: Physical=16.0GB (16GB approx) Virtual=8192.0GB
[2014.11.21-13.00.09:830][  0]LogMemory: Platform Memory Stats for Windows
[2014.11.21-13.00.09:830][  0]LogMemory: Process Physical Memory: 61.62 MB used, 61.62 MB peak
[2014.11.21-13.00.09:831][  0]LogMemory: Process Virtual Memory: 36.41 MB used, 39.75 MB peak
[2014.11.21-13.00.09:831][  0]LogMemory: Physical Memory: 5475.43 MB used, 16344.95 MB total
[2014.11.21-13.00.09:831][  0]LogMemory: Virtual Memory: 267.47 MB used, 8388608.00 MB total
[2014.11.21-13.00.09:886][  0]LogD3D11RHI: Found D3D11 adapter 0: NVIDIA GeForce GT 640 (Feature Level 11_0)
[2014.11.21-13.00.09:886][  0]LogD3D11RHI: Adapter has 971MB of dedicated video memory, 0MB of dedicated system memory, and 3072MB of shared system memory, 2 output[s]
[2014.11.21-13.00.09:887][  0]LogD3D11RHI: Chosen D3D11 Adapter Id = 0
[2014.11.21-13.00.09:891][  0]LogRHI: Texture pool is 680 MB (70% of 971 MB)
[2014.11.21-13.00.09:908][  0]LogD3D11RHI: Async texture creation enabled
[2014.11.21-13.00.10:003][  0]LogTextLocalizationManager: The requested culture ('fi_FI') has no localization data; falling back to 'en' for localization and internationalization data.
[2014.11.21-13.00.10:146][  0]LogContentStreaming: Texture pool size is 0.000000MB
[2014.11.21-13.00.14:366][  0]LogTargetPlatformManager:Display: Building Assets For Windows
[2014.11.21-13.00.14:730][  0]LogTargetPlatformManager:Display: Building Assets For Windows
[2014.11.21-13.00.14:780][  0]LogDerivedDataCache:Display: Max Cache Size: 512 MB
[2014.11.21-13.00.14:821][  0]LogDerivedDataCache: Loaded boot cache 0.04s 54MB C:/Users/tti13shenrit/AppData/Local/UnrealEngine/4.5/DerivedDataCache/Boot.ddc.
[2014.11.21-13.00.14:822][  0]LogDerivedDataCache:Display: Loaded Boot cache: C:/Users/tti13shenrit/AppData/Local/UnrealEngine/4.5/DerivedDataCache/Boot.ddc
[2014.11.21-13.00.14:822][  0]LogDerivedDataCache: FDerivedDataBackendGraph:  Pak pak cache file ../../../../../../Users/tti13shenrit/Documents/Unreal Projects/SierraJattaaRacing/DerivedDataCache/DDC.ddp not found, will not use a pak cache.
[2014.11.21-13.00.14:823][  0]LogDerivedDataCache: Unable to find inner node Pak for hierarchical cache Hierarchy.
[2014.11.21-13.00.14:880][  0]LogDerivedDataCache:Display: Pak cache opened for reading ../../../Engine/DerivedDataCache/DDC.ddp.
[2014.11.21-13.00.14:892][  0]LogDerivedDataCache: Using Local data cache path C:/Users/tti13shenrit/AppData/Local/UnrealEngine/Common/DerivedDataCache: Writable
[2014.11.21-13.00.15:041][  0]LogMeshUtilities: No automatic mesh reduction module available
[2014.11.21-13.00.15:041][  0]LogMeshUtilities: No automatic mesh merging module available
[2014.11.21-13.00.15:224][  0]LogLinker:Warning: Asset '../../../Engine/Content/Functions/Engine_MaterialFunctions02/Texturing/FlipBook.uasset' has been saved with empty engine version. The asset will be loaded but may be incompatible.
[2014.11.21-13.00.15:227][  0]LogLinker:Warning: Asset '../../../Engine/Content/Functions/Engine_MaterialFunctions02/ExampleContent/Textures/flipbook.uasset' has been saved with empty engine version. The asset will be loaded but may be incompatible.
[2014.11.21-13.00.15:387][  0]LogInit: WinSock: version 1.1 (2.2), MaxSocks=32767, MaxUdp=65467
[2014.11.21-13.00.16:247][  0]UdpMessaging: Initializing bridge on interface 0.0.0.0:0 to multicast group 230.0.0.1:6666.
[2014.11.21-13.00.16:359][  0]LogMaterial: Missing cached shader map for material M_Vehicle_Sedan, compiling.
[2014.11.21-13.00.16:411][  0]LogMaterial: Missing cached shader map for material M_Vehicle_Sedan, compiling.
[2014.11.21-13.00.16:827][  0]SourceControl: Info Source control is disabled
[2014.11.21-13.00.16:827][  0]SourceControl: Info Source control is disabled
[2014.11.21-13.00.16:839][  0]SourceControl: Info Source control is disabled
[2014.11.21-13.00.17:019][  0]LogObj: 23233 objects as part of root set at end of initial load.
[2014.11.21-13.00.17:019][  0]LogUObjectAllocator: 4934632 out of 0 bytes used by permanent object pool.
[2014.11.21-13.00.17:092][  0]LogEngine: Initializing Engine...
[2014.11.21-13.00.17:255][  0]LogInit: XAudio2 using 'Digital Audio (S/PDIF) (High Definition Audio Device)' : 2 channels at 44.1 kHz using 16 bits per sample (channel mask 0x3)
[2014.11.21-13.00.17:272][  0]LogInit: FAudioDevice initialized.
[2014.11.21-13.00.17:299][  0]LogAIModule: Creating AISystem for world NewWorld
[2014.11.21-13.00.17:326][  0]LogDerivedDataCache: Saved boot cache 0.03s 53MB C:/Users/tti13shenrit/AppData/Local/UnrealEngine/4.5/DerivedDataCache/Boot.ddc.
[2014.11.21-13.00.17:330][  0]LogInit: Texture streaming: Enabled
[2014.11.21-13.00.17:496][  0]LogInit: Transaction tracking system initialized
[2014.11.21-13.00.17:648][  0]BlueprintLog: New page: Editor Load
[2014.11.21-13.00.17:697][  0]LogAssetRegistry: FAssetRegistry took 0.0106 seconds to start up
[2014.11.21-13.00.17:698][  0]LogDirectoryWatcher:Warning: Failed to begin reading directory changes for ../../../Engine/Plugins/Experimental/CharacterAI/Content/. Error: 0
[2014.11.21-13.00.18:381][  0]LogTargetPlatformManager:Display: Building Assets For Windows
[2014.11.21-13.00.18:857][  0]LogTargetPlatformManager:Display: Building Assets For Windows
[2014.11.21-13.00.21:053][  0]LogConsoleResponse:Display: 
[2014.11.21-13.00.21:306][  0]SourceControl: Info Source control is disabled
[2014.11.21-13.00.21:306][  0]Cmd: MAP LOAD FILE="../../../../../../Users/tti13shenrit/Documents/Unreal Projects/SierraJattaaRacing/Content/Maps/Example_Map.umap" TEMPLATE=0 SHOWPROGRESS=1
[2014.11.21-13.00.21:307][  0]LightingResults: New page: Lighting Build
[2014.11.21-13.00.21:321][  0]MapCheck: New page: Map Check
[2014.11.21-13.00.21:321][  0]LightingResults: New page: Lighting Build
[2014.11.21-13.00.21:352][  0]LogParticles: Destroying 0 GPU particle simulations for FXSystem 0x00000000180F7BA0
[2014.11.21-13.00.21:735][  0]LogStaticMesh: Building static mesh TemplateCube_Rounded...
[2014.11.21-13.00.21:737][  0]LogStaticMesh: Built static mesh [2.949848ms] /Game/Meshes/TemplateCube_Rounded.TemplateCube_Rounded
[2014.11.21-13.00.21:863][  0]LogTexture:Display: Building textures: HQ_Lightmap0_1 (AutoDXT)
[2014.11.21-13.00.23:279][  0]LogTexture:Display: Building textures: HQ_Lightmap0_2 (AutoDXT)
[2014.11.21-13.00.23:327][  0]LogTexture:Display: Building textures: HQ_Lightmap0_3 (AutoDXT)
[2014.11.21-13.00.23:411][  0]LogTexture:Display: Building textures: HQ_Lightmap0_4 (AutoDXT)
[2014.11.21-13.00.23:495][  0]LogTexture:Display: Building textures: HQ_Lightmap0_5 (AutoDXT)
[2014.11.21-13.00.23:516][  0]LogTexture:Display: Building textures: HQ_Lightmap0_6 (AutoDXT)
[2014.11.21-13.00.23:534][  0]LogTexture:Display: Building textures: HQ_Lightmap0_7 (AutoDXT)
[2014.11.21-13.00.23:680][  0]LogTexture:Display: Building textures: LQ_Lightmap_0_1 (DXT1)
[2014.11.21-13.00.24:242][  0]LogTexture:Display: Building textures: LQ_Lightmap_0_2 (DXT1)
[2014.11.21-13.00.24:252][  0]LogTexture:Display: Building textures: LQ_Lightmap_0_3 (DXT1)
[2014.11.21-13.00.24:269][  0]LogTexture:Display: Building textures: LQ_Lightmap_0_4 (DXT1)
[2014.11.21-13.00.24:284][  0]LogTexture:Display: Building textures: LQ_Lightmap_0_5 (DXT1)
[2014.11.21-13.00.24:294][  0]LogTexture:Display: Building textures: LQ_Lightmap_0_6 (DXT1)
[2014.11.21-13.00.24:297][  0]LogTexture:Display: Building textures: LQ_Lightmap_0_7 (DXT1)
[2014.11.21-13.00.24:344][  0]LogTexture:Display: Building textures: ShadowMapTexture2D_0 (BGRA8)
[2014.11.21-13.00.24:452][  0]LogTexture:Display: Building textures: ShadowMapTexture2D_1 (BGRA8)
[2014.11.21-13.00.24:472][  0]LogTexture:Display: Building textures: ShadowMapTexture2D_2 (BGRA8)
[2014.11.21-13.00.24:477][  0]LogTexture:Display: Building textures: ShadowMapTexture2D_3 (BGRA8)
[2014.11.21-13.00.24:482][  0]LogTexture:Display: Building textures: ShadowMapTexture2D_4 (BGRA8)
[2014.11.21-13.00.24:486][  0]LogTexture:Display: Building textures: ShadowMapTexture2D_5 (BGRA8)
[2014.11.21-13.00.24:488][  0]LogTexture:Display: Building textures: ShadowMapTexture2D_6 (BGRA8)
[2014.11.21-13.00.24:542][  0]LogEditorServer: Finished looking for orphan Actors (0.000 secs)
[2014.11.21-13.00.24:544][  0]LogAIModule: Creating AISystem for world Example_Map
[2014.11.21-13.00.24:545][  0]Cmd: MAP CHECKDEP
[2014.11.21-13.00.24:546][  0]MapCheck: New page: Example_Map - Nov 21, 2014, 5:00:24 PM
[2014.11.21-13.00.24:771][  0]MapCheck: Info Map check complete: 0 Error(s), 0 Warning(s), took 224.785ms to complete.
[2014.11.21-13.00.24:772][  0]LogFileHelpers: Loading map 'Example_Map' took 3.466
[2014.11.21-13.00.24:877][  0]LogCollectionManager: Loaded 0 collections in 0.000821 seconds
[2014.11.21-13.00.24:992][  0]LogCrashTracker: Crashtracker disabled due to settings.
[2014.11.21-13.00.25:003][  0]LogUObjectGlobals:Warning: Failed to find object 'Class None.'
[2014.11.21-13.00.25:057][  0]LogLoad: Full Startup: 17.38 seconds (BP compile: 0.09 seconds)
[2014.11.21-13.00.25:238][  0]LogRenderer:Warning: Reallocating scene render targets to support 1136x1024.
[2014.11.21-13.00.25:475][  1]LogAssetRegistry: Asset discovery search completed in 7.7889 seconds
[2014.11.21-13.04.08:333][916]LogContentBrowser:Verbose: The content browser source was changed by the sources view to '/Game/Maps'
[2014.11.21-13.04.08:779][937]LogContentBrowser:Verbose: The content browser source was changed by the sources view to '/Game/Meshes'
[2014.11.21-13.04.12:479][143]LogContentBrowser:Verbose: The content browser source was changed by the sources view to '/Game/Meshes/NewFolder'
[2014.11.21-13.04.13:576][187]LogContentBrowser:Verbose: The content browser source was changed by the sources view to '/Game/Meshes/NewFolder'
[2014.11.21-13.04.16:789][412]LogContentBrowser:Verbose: The content browser source was changed by the sources view to '/Game/Textures'
[2014.11.21-13.04.17:992][500]LogContentBrowser:Verbose: The content browser source was changed by the sources view to '/Game/Maps'
[2014.11.21-13.04.18:316][519]LogContentBrowser:Verbose: The content browser source was changed by the sources view to '/Game'
[2014.11.21-13.04.22:840][988]LogContentBrowser:Verbose: The content browser source was changed by the sources view to '/Game/NewFolder'
[2014.11.21-13.04.25:220][ 83]LogContentBrowser:Verbose: The content browser source was changed by the sources view to '/Game/Sounds'
[2014.11.21-13.04.28:085][267]LogContentBrowser:Verbose: The content browser source was changed by the sources view to '/Game/Sounds/NewFolder'
[2014.11.21-13.04.30:277][355]LogContentBrowser:Verbose: The content browser source was changed by the sources view to '/Game/Sounds/Fx'
[2014.11.21-13.04.31:242][396]LogContentBrowser:Verbose: The content browser source was changed by the sources view to '/Game/Sounds'
[2014.11.21-13.04.32:940][585]LogContentBrowser:Verbose: The content browser source was changed by the sources view to '/Game/Sounds/NewFolder'
[2014.11.21-13.04.35:262][678]LogContentBrowser:Verbose: The content browser source was changed by the sources view to '/Game/Sounds/Music'
[2014.11.21-13.04.36:688][736]LogContentBrowser:Verbose: The content browser source was changed by the sources view to '/Game/Sounds'
[2014.11.21-13.04.37:465][822]LogContentBrowser:Verbose: The content browser source was changed by the sources view to '/Game/Sounds/NewFolder'
[2014.11.21-13.04.39:332][897]LogContentBrowser:Verbose: The content browser source was changed by the sources view to '/Game/Sounds/Effects'
[2014.11.21-13.04.41:101][975]LogContentBrowser:Verbose: The content browser source was changed by the sources view to '/Game/Textures'
[2014.11.21-13.04.43:212][ 64]LogContentBrowser:Verbose: The content browser source was changed by the sources view to '/Game/Sounds'
[2014.11.21-13.04.43:764][ 90]LogContentBrowser:Verbose: The content browser source was changed by the sources view to '/Game/Sedan'
[2014.11.21-13.04.47:280][182]LogContentBrowser:Verbose: The content browser source was changed by the sources view to '/Game/Meshes'
[2014.11.21-13.04.50:771][297]LogContentBrowser:Verbose: The content browser source was changed by the sources view to '/Game/Textures'
[2014.11.21-13.05.12:249][359]LogContentBrowser:Verbose: The content browser source was changed by the sources view to '/Game/Maps'
[2014.11.21-13.05.12:876][390]LogContentBrowser:Verbose: The content browser source was changed by the sources view to '/Game/Meshes'
[2014.11.21-13.05.17:034][608]LogContentBrowser:Verbose: The content browser source was changed by the sources view to '/Game/Meshes/NewFolder'
[2014.11.21-13.05.19:009][687]LogContentBrowser:Verbose: The content browser source was changed by the sources view to '/Game/Meshes/Hulls'
[2014.11.21-13.05.20:085][731]LogContentBrowser:Verbose: The content browser source was changed by the sources view to '/Game/Meshes'
[2014.11.21-13.05.20:889][820]LogContentBrowser:Verbose: The content browser source was changed by the sources view to '/Game/Meshes/NewFolder'
[2014.11.21-13.05.22:534][886]LogContentBrowser:Verbose: The content browser source was changed by the sources view to '/Game/Meshes/Parts'
[2014.11.21-13.05.23:885][941]LogContentBrowser:Verbose: The content browser source was changed by the sources view to '/Game/Meshes'
[2014.11.21-13.05.24:648][ 24]LogContentBrowser:Verbose: The content browser source was changed by the sources view to '/Game/Meshes/NewFolder'
[2014.11.21-13.05.34:169][402]LogContentBrowser:Verbose: The content browser source was changed by the sources view to '/Game/Meshes/Doodads'
[2014.11.21-13.05.37:489][537]LogContentBrowser:Verbose: The content browser source was changed by the sources view to '/Game/Meshes'
[2014.11.21-13.05.38:310][629]LogContentBrowser:Verbose: The content browser source was changed by the sources view to '/Game/Meshes/NewFolder'
[2014.11.21-13.05.40:109][701]LogContentBrowser:Verbose: The content browser source was changed by the sources view to '/Game/Meshes/Towers'
[2014.11.